{"/home/victor-hugo/Documents/Driven/Arquitetura-Infraestrutura-Boas-Praticas/projetos/projeto21-singmeasong/back-end/src/services/recommendationsService.ts": {"path":"/home/victor-hugo/Documents/Driven/Arquitetura-Infraestrutura-Boas-Praticas/projetos/projeto21-singmeasong/back-end/src/services/recommendationsService.ts","statementMap":{"0":{"start":{"line":2,"column":0},"end":{"line":2,"column":87}},"1":{"start":{"line":3,"column":0},"end":{"line":3,"column":70}},"2":{"start":{"line":8,"column":33},"end":{"line":9,"column":null}},"3":{"start":{"line":11,"column":2},"end":{"line":12,"column":64}},"4":{"start":{"line":12,"column":4},"end":{"line":12,"column":64}},"5":{"start":{"line":14,"column":2},"end":{"line":14,"column":66}},"6":{"start":{"line":18,"column":2},"end":{"line":18,"column":26}},"7":{"start":{"line":20,"column":2},"end":{"line":20,"column":62}},"8":{"start":{"line":24,"column":2},"end":{"line":24,"column":26}},"9":{"start":{"line":26,"column":32},"end":{"line":28,"column":null}},"10":{"start":{"line":30,"column":2},"end":{"line":30,"column":37}},"11":{"start":{"line":31,"column":2},"end":{"line":34,"column":null}},"12":{"start":{"line":33,"column":4},"end":{"line":33,"column":46}},"13":{"start":{"line":38,"column":25},"end":{"line":38,"column":64}},"14":{"start":{"line":39,"column":2},"end":{"line":39,"column":45}},"15":{"start":{"line":39,"column":23},"end":{"line":39,"column":45}},"16":{"start":{"line":41,"column":2},"end":{"line":41,"column":24}},"17":{"start":{"line":45,"column":2},"end":{"line":45,"column":44}},"18":{"start":{"line":49,"column":2},"end":{"line":49,"column":59}},"19":{"start":{"line":53,"column":17},"end":{"line":53,"column":30}},"20":{"start":{"line":54,"column":22},"end":{"line":54,"column":44}},"21":{"start":{"line":56,"column":26},"end":{"line":56,"column":55}},"22":{"start":{"line":57,"column":2},"end":{"line":59,"column":null}},"23":{"start":{"line":58,"column":4},"end":{"line":58,"column":26}},"24":{"start":{"line":61,"column":22},"end":{"line":61,"column":72}},"25":{"start":{"line":62,"column":2},"end":{"line":62,"column":38}},"26":{"start":{"line":66,"column":26},"end":{"line":69,"column":4}},"27":{"start":{"line":71,"column":2},"end":{"line":73,"column":null}},"28":{"start":{"line":72,"column":4},"end":{"line":72,"column":27}},"29":{"start":{"line":75,"column":2},"end":{"line":75,"column":44}},"30":{"start":{"line":79,"column":2},"end":{"line":81,"column":null}},"31":{"start":{"line":80,"column":4},"end":{"line":80,"column":16}},"32":{"start":{"line":83,"column":2},"end":{"line":83,"column":15}},"33":{"start":{"line":86,"column":13},"end":{"line":94,"column":2}}},"fnMap":{"0":{"name":"insert","decl":{"start":{"line":7,"column":15},"end":{"line":7,"column":21}},"loc":{"start":{"line":7,"column":72},"end":{"line":15,"column":null}}},"1":{"name":"upvote","decl":{"start":{"line":17,"column":15},"end":{"line":17,"column":21}},"loc":{"start":{"line":17,"column":32},"end":{"line":21,"column":null}}},"2":{"name":"downvote","decl":{"start":{"line":23,"column":15},"end":{"line":23,"column":23}},"loc":{"start":{"line":23,"column":34},"end":{"line":35,"column":null}}},"3":{"name":"getByIdOrFail","decl":{"start":{"line":37,"column":15},"end":{"line":37,"column":28}},"loc":{"start":{"line":37,"column":39},"end":{"line":42,"column":null}}},"4":{"name":"get","decl":{"start":{"line":44,"column":15},"end":{"line":44,"column":18}},"loc":{"start":{"line":44,"column":18},"end":{"line":46,"column":null}}},"5":{"name":"getTop","decl":{"start":{"line":48,"column":15},"end":{"line":48,"column":21}},"loc":{"start":{"line":48,"column":36},"end":{"line":50,"column":null}}},"6":{"name":"getRandom","decl":{"start":{"line":52,"column":15},"end":{"line":52,"column":24}},"loc":{"start":{"line":52,"column":24},"end":{"line":63,"column":null}}},"7":{"name":"getByScore","decl":{"start":{"line":65,"column":15},"end":{"line":65,"column":25}},"loc":{"start":{"line":65,"column":51},"end":{"line":76,"column":null}}},"8":{"name":"getScoreFilter","decl":{"start":{"line":78,"column":9},"end":{"line":78,"column":23}},"loc":{"start":{"line":78,"column":38},"end":{"line":84,"column":1}}}},"branchMap":{"0":{"loc":{"start":{"line":11,"column":2},"end":{"line":12,"column":64}},"type":"if","locations":[{"start":{"line":11,"column":2},"end":{"line":12,"column":64}}]},"1":{"loc":{"start":{"line":31,"column":2},"end":{"line":34,"column":null}},"type":"if","locations":[{"start":{"line":31,"column":2},"end":{"line":34,"column":null}}]},"2":{"loc":{"start":{"line":39,"column":2},"end":{"line":39,"column":45}},"type":"if","locations":[{"start":{"line":39,"column":2},"end":{"line":39,"column":45}}]},"3":{"loc":{"start":{"line":57,"column":2},"end":{"line":59,"column":null}},"type":"if","locations":[{"start":{"line":57,"column":2},"end":{"line":59,"column":null}}]},"4":{"loc":{"start":{"line":71,"column":2},"end":{"line":73,"column":null}},"type":"if","locations":[{"start":{"line":71,"column":2},"end":{"line":73,"column":null}}]},"5":{"loc":{"start":{"line":79,"column":2},"end":{"line":81,"column":null}},"type":"if","locations":[{"start":{"line":79,"column":2},"end":{"line":81,"column":null}}]}},"s":{"0":1,"1":1,"2":2,"3":2,"4":1,"5":1,"6":2,"7":1,"8":3,"9":2,"10":2,"11":2,"12":1,"13":7,"14":7,"15":3,"16":4,"17":1,"18":1,"19":5,"20":5,"21":5,"22":5,"23":1,"24":4,"25":4,"26":5,"27":5,"28":4,"29":1,"30":5,"31":4,"32":1,"33":1},"f":{"0":2,"1":2,"2":3,"3":7,"4":1,"5":1,"6":5,"7":5,"8":5},"b":{"0":[1],"1":[1],"2":[3],"3":[1],"4":[4],"5":[4]}}
}
