TN:
SF:src/services/recommendationsService.ts
FN:7,insert
FN:17,upvote
FN:23,downvote
FN:37,getByIdOrFail
FN:44,get
FN:48,getTop
FN:52,getRandom
FN:65,getByScore
FN:78,getScoreFilter
FNF:9
FNH:9
FNDA:2,insert
FNDA:2,upvote
FNDA:3,downvote
FNDA:7,getByIdOrFail
FNDA:1,get
FNDA:1,getTop
FNDA:5,getRandom
FNDA:5,getByScore
FNDA:5,getScoreFilter
DA:2,1
DA:3,1
DA:8,2
DA:11,2
DA:12,1
DA:14,1
DA:18,2
DA:20,1
DA:24,3
DA:26,2
DA:30,2
DA:31,2
DA:33,1
DA:38,7
DA:39,7
DA:41,4
DA:45,1
DA:49,1
DA:53,5
DA:54,5
DA:56,5
DA:57,5
DA:58,1
DA:61,4
DA:62,4
DA:66,5
DA:71,5
DA:72,4
DA:75,1
DA:79,5
DA:80,4
DA:83,1
DA:86,1
LF:33
LH:33
BRDA:11,0,0,1
BRDA:31,1,0,1
BRDA:39,2,0,3
BRDA:57,3,0,1
BRDA:71,4,0,4
BRDA:79,5,0,4
BRF:6
BRH:6
end_of_record
