TN:
SF:prisma/factories/cleanDisconectTableFactory.ts
FN:3,truncateRecommendationTable
FN:7,disconectPrisma
FNF:2
FNH:2
FNDA:28,truncateRecommendationTable
FNDA:1,disconectPrisma
DA:1,1
DA:4,28
DA:8,1
DA:11,1
LF:4
LH:4
BRF:0
BRH:0
end_of_record
TN:
SF:prisma/factories/recommendationFactory.ts
FN:6,createRecommendation
FN:13,insertRecommendation
FN:20,(anonymous_10)
FN:31,findRecommendationByName
FN:35,updateVote
FNF:5
FNH:5
FNDA:350,createRecommendation
FNDA:12,insertRecommendation
FNDA:344,(anonymous_10)
FNDA:4,findRecommendationByName
FNDA:42,updateVote
DA:1,1
DA:4,1
DA:7,350
DA:14,12
DA:15,5
DA:20,7
DA:21,344
DA:24,7
DA:28,7
DA:32,4
DA:37,42
DA:51,1
LF:12
LH:12
BRDA:13,0,0,5
BRDA:14,1,0,5
BRDA:35,2,0,1
BRDA:35,3,0,41
BRF:4
BRH:4
end_of_record
TN:
SF:src/app.ts
FNF:0
FNH:0
DA:1,1
DA:2,1
DA:3,1
DA:4,1
DA:5,1
DA:7,1
DA:8,1
DA:9,1
DA:11,1
DA:12,1
DA:14,1
LF:11
LH:11
BRF:0
BRH:0
end_of_record
TN:
SF:src/database.ts
FNF:0
FNH:0
DA:1,1
DA:3,1
DA:4,1
LF:3
LH:3
BRF:0
BRH:0
end_of_record
TN:
SF:src/controllers/recommendationController.ts
FN:6,insert
FN:17,upvote
FN:25,downvote
FN:33,random
FN:39,get
FN:44,getTop
FN:51,getById
FNF:7
FNH:7
FNDA:3,insert
FNDA:1,upvote
FNDA:2,downvote
FNDA:221,random
FNDA:2,get
FNDA:2,getTop
FNDA:7,getById
DA:2,1
DA:3,1
DA:4,1
DA:7,3
DA:8,3
DA:9,1
DA:12,2
DA:14,1
DA:18,1
DA:20,1
DA:22,1
DA:26,2
DA:28,2
DA:30,2
DA:34,221
DA:36,220
DA:40,2
DA:41,2
DA:45,2
DA:47,2
DA:48,1
DA:52,7
DA:54,7
DA:55,1
DA:58,1
LF:25
LH:25
BRDA:8,0,0,1
BRF:1
BRH:1
end_of_record
TN:
SF:src/middlewares/errorHandlerMiddleware.ts
FN:8,errorHandlerMiddleware
FNF:1
FNH:1
FNDA:10,errorHandlerMiddleware
DA:2,1
DA:8,1
DA:14,10
DA:16,10
DA:17,6
DA:20,4
LF:6
LH:6
BRDA:16,0,0,6
BRF:1
BRH:1
end_of_record
TN:
SF:src/repositories/recommendationRepository.ts
FN:5,create
FN:16,findAll
FN:26,getAmountByScore
FN:33,getFindAllFilter
FN:45,find
FN:51,findByName
FN:57,updateScore
FN:66,remove
FNF:8
FNH:8
FNDA:1,create
FNDA:236,findAll
FNDA:2,getAmountByScore
FNDA:236,getFindAllFilter
FNDA:10,find
FNDA:2,findByName
FNDA:3,updateScore
FNDA:1,remove
DA:2,1
DA:6,1
DA:17,236
DA:19,236
DA:27,2
DA:36,236
DA:38,221
DA:40,221
DA:46,10
DA:52,2
DA:58,3
DA:67,1
DA:72,1
LF:13
LH:13
BRDA:36,0,0,15
BRF:1
BRH:1
end_of_record
TN:
SF:src/routers/recommendationRouter.ts
FNF:0
FNH:0
DA:1,1
DA:2,1
DA:4,1
DA:6,1
DA:7,1
DA:8,1
DA:9,1
DA:10,1
DA:11,1
DA:12,1
DA:14,1
LF:11
LH:11
BRF:0
BRH:0
end_of_record
TN:
SF:src/schemas/recommendationsSchemas.ts
FNF:0
FNH:0
DA:1,1
DA:4,1
DA:6,1
LF:3
LH:3
BRF:0
BRH:0
end_of_record
TN:
SF:src/services/recommendationsService.ts
FN:7,insert
FN:17,upvote
FN:23,downvote
FN:36,getByIdOrFail
FN:43,get
FN:47,getTop
FN:51,getRandom
FN:64,getByScore
FN:77,getScoreFilter
FNF:9
FNH:9
FNDA:2,insert
FNDA:1,upvote
FNDA:2,downvote
FNDA:10,getByIdOrFail
FNDA:2,get
FNDA:2,getTop
FNDA:221,getRandom
FNDA:221,getByScore
FNDA:221,getScoreFilter
DA:2,1
DA:3,1
DA:8,2
DA:11,2
DA:12,1
DA:14,1
DA:18,1
DA:20,1
DA:24,2
DA:26,2
DA:31,2
DA:32,1
DA:37,10
DA:38,7
DA:40,4
DA:44,2
DA:48,2
DA:52,221
DA:53,221
DA:55,221
DA:56,221
DA:57,1
DA:60,220
DA:61,220
DA:65,221
DA:70,221
DA:71,208
DA:74,13
DA:78,221
DA:79,162
DA:82,59
DA:85,1
LF:32
LH:32
BRDA:11,0,0,1
BRDA:31,1,0,1
BRDA:38,2,0,3
BRDA:56,3,0,1
BRDA:70,4,0,208
BRDA:78,5,0,162
BRF:6
BRH:6
end_of_record
TN:
SF:src/utils/errorUtils.ts
FN:7,isAppError
FN:11,errorTypeToStatusCode
FN:19,conflictError
FN:23,notFoundError
FN:27,unauthorizedError
FN:31,wrongSchemaError
FNF:6
FNH:5
FNDA:10,isAppError
FNDA:6,errorTypeToStatusCode
FNDA:1,conflictError
FNDA:4,notFoundError
FNDA:0,unauthorizedError
FNDA:1,wrongSchemaError
DA:7,1
DA:8,10
DA:11,1
DA:12,6
DA:13,5
DA:14,1
DA:15,1
DA:16,0
DA:19,1
DA:20,1
DA:23,1
DA:24,4
DA:27,1
DA:28,0
DA:31,1
DA:32,1
LF:16
LH:14
BRDA:12,0,0,1
BRDA:13,1,0,4
BRDA:14,2,0,0
BRDA:15,3,0,1
BRDA:20,4,0,1
BRDA:20,4,1,0
BRDA:20,5,0,1
BRDA:20,5,1,1
BRDA:24,6,0,0
BRDA:24,6,1,4
BRDA:24,7,0,4
BRDA:24,7,1,4
BRDA:28,8,0,0
BRDA:28,8,1,0
BRDA:28,9,0,0
BRDA:28,9,1,0
BRDA:32,10,0,0
BRDA:32,10,1,1
BRDA:32,11,0,1
BRDA:32,11,1,1
BRF:20
BRH:12
end_of_record
